<?xml version="1.0" encoding="UTF-8"?>
<!-- Generated by org.testng.reporters.JUnitReportReporter -->
<testsuite hostname="MacBook-Air-Viktoria.local" failures="0" tests="1" name="ua.hillel.tests.FirstTest" time="0.006" errors="0" timestamp="2023-06-01T10:59:33 CEST" skipped="0">
  <testcase classname="ua.hillel.tests.FirstTest" name="firstTest" time="0.006"/>
</testsuite> <!-- ua.hillel.tests.FirstTest -->
